<?xml version="1.0" encoding="UTF-8"?>
<!-- Generated by org.testng.reporters.JUnitReportReporter -->
<testsuite hostname="ip-10-7-0-8.ap-southeast-1.compute.internal" failures="0" tests="1" name="tests.GetAndPostExample" time="0.589" errors="0" timestamp="2023-12-13T21:55:07 ICT" skipped="0">
  <testcase classname="tests.GetAndPostExample" name="testPost" time="0.589"/>
</testsuite> <!-- tests.GetAndPostExample -->
