<?xml version="1.0" encoding="UTF-8"?>
<!-- Generated by org.testng.reporters.JUnitReportReporter -->
<testsuite hostname="ip-10-7-0-8.ap-southeast-1.compute.internal" failures="0" tests="3" name="tests.PutPatchDeleteExamples" time="3.112" errors="0" timestamp="2023-12-13T21:55:07 ICT" skipped="0">
  <testcase classname="tests.PutPatchDeleteExamples" name="testDelete" time="1.902"/>
  <testcase classname="tests.PutPatchDeleteExamples" name="testPut" time="0.584"/>
  <testcase classname="tests.PutPatchDeleteExamples" name="testPatch" time="0.626"/>
</testsuite> <!-- tests.PutPatchDeleteExamples -->
