<?xml version="1.0" encoding="UTF-8"?>
<!-- Generated by org.testng.reporters.JUnitReportReporter -->
<testsuite hostname="192.168.2.7" failures="0" tests="1" name="tests.JSONSchemaValidator" time="1.695" errors="0" timestamp="2023-12-08T11:07:08 ICT" skipped="0">
  <testcase classname="tests.JSONSchemaValidator" name="testGet" time="1.695"/>
</testsuite> <!-- tests.JSONSchemaValidator -->
