<?xml version="1.0" encoding="UTF-8"?>
<!-- Generated by org.testng.reporters.JUnitReportReporter -->
<testsuite hostname="192.168.2.7" failures="0" tests="3" name="tests.PutPatchDeleteExamples" time="3.274" errors="0" timestamp="2023-12-04T11:48:43 ICT" skipped="0">
  <testcase classname="tests.PutPatchDeleteExamples" name="testPatch" time="0.631"/>
  <testcase classname="tests.PutPatchDeleteExamples" name="testPut" time="0.558"/>
  <testcase classname="tests.PutPatchDeleteExamples" name="testDelete" time="2.085"/>
</testsuite> <!-- tests.PutPatchDeleteExamples -->
