<?xml version="1.0" encoding="UTF-8"?>
<!-- Generated by org.testng.reporters.JUnitReportReporter -->
<testsuite hostname="192.168.2.7" failures="0" tests="2" name="tests.TestOnLocalAPI" time="1.186" errors="0" timestamp="2023-12-05T20:55:14 ICT" skipped="0">
  <testcase classname="tests.TestOnLocalAPI" name="delete" time="1.118"/>
  <testcase classname="tests.TestOnLocalAPI" name="get" time="0.068"/>
</testsuite> <!-- tests.TestOnLocalAPI -->
