<?xml version="1.0" encoding="UTF-8"?>
<!-- Generated by org.testng.reporters.JUnitReportReporter -->
<testsuite hostname="192.168.2.7" failures="0" tests="2" name="tests.TestExamples" time="2.231" errors="0" timestamp="2023-12-04T10:50:55 ICT" skipped="0">
  <testcase classname="tests.TestExamples" name="test_2" time="0.682"/>
  <testcase classname="tests.TestExamples" name="test_1" time="1.549"/>
</testsuite> <!-- tests.TestExamples -->
