<?xml version="1.0" encoding="UTF-8"?>
<!-- Generated by org.testng.reporters.JUnitReportReporter -->
<testsuite hostname="ip-10-7-0-8.ap-southeast-1.compute.internal" failures="0" tests="2" name="tests.TestExamples" time="0.838" errors="0" timestamp="2023-12-13T21:55:07 ICT" skipped="0">
  <testcase classname="tests.TestExamples" name="test_2" time="0.624"/>
  <testcase classname="tests.TestExamples" name="test_1" time="0.214"/>
</testsuite> <!-- tests.TestExamples -->
